<?xml version="1.0" encoding="UTF-8"?>
<!-- Generated by org.testng.reporters.JUnitReportReporter -->
<testsuite hostname="DESKTOP-5QO856R" failures="0" tests="1" name="com.DsAlgo.testCases.GetStartedPageTest" time="8.964" errors="0" timestamp="2022-07-02T16:50:21 EDT" skipped="0">
  <testcase classname="com.DsAlgo.testCases.GetStartedPageTest" name="portalPageLoadTest" time="8.964"/>
  <system-out/>
</testsuite> <!-- com.DsAlgo.testCases.GetStartedPageTest -->
